<?xml version="1.0" encoding="UTF-8"?>
<testsuite xmlns:xsi="http://www.w3.org/2001/XMLSchema-instance" xsi:noNamespaceSchemaLocation="https://maven.apache.org/surefire/maven-surefire-plugin/xsd/surefire-test-report.xsd" name="com.example.test.CourseApplicationTests" time="0.285" tests="1" errors="1" skipped="0" failures="0">
  <properties>
    <property name="sun.desktop" value="windows"/>
    <property name="awt.toolkit" value="sun.awt.windows.WToolkit"/>
    <property name="file.encoding.pkg" value="sun.io"/>
    <property name="java.specification.version" value="1.8"/>
    <property name="sun.cpu.isalist" value="amd64"/>
    <property name="sun.jnu.encoding" value="GBK"/>
    <property name="java.class.path" value="G:\23\2345\c-course\target\test-classes;G:\23\2345\c-course\target\classes;F:\apache-maven-3.1.1-bin\repository\org\springframework\boot\spring-boot-starter-web\2.1.0.RELEASE\spring-boot-starter-web-2.1.0.RELEASE.jar;F:\apache-maven-3.1.1-bin\repository\org\springframework\boot\spring-boot-starter\2.1.0.RELEASE\spring-boot-starter-2.1.0.RELEASE.jar;F:\apache-maven-3.1.1-bin\repository\org\springframework\boot\spring-boot\2.1.0.RELEASE\spring-boot-2.1.0.RELEASE.jar;F:\apache-maven-3.1.1-bin\repository\org\springframework\boot\spring-boot-starter-logging\2.1.0.RELEASE\spring-boot-starter-logging-2.1.0.RELEASE.jar;F:\apache-maven-3.1.1-bin\repository\ch\qos\logback\logback-classic\1.2.3\logback-classic-1.2.3.jar;F:\apache-maven-3.1.1-bin\repository\ch\qos\logback\logback-core\1.2.3\logback-core-1.2.3.jar;F:\apache-maven-3.1.1-bin\repository\org\apache\logging\log4j\log4j-to-slf4j\2.11.1\log4j-to-slf4j-2.11.1.jar;F:\apache-maven-3.1.1-bin\repository\org\apache\logging\log4j\log4j-api\2.11.1\log4j-api-2.11.1.jar;F:\apache-maven-3.1.1-bin\repository\org\slf4j\jul-to-slf4j\1.7.25\jul-to-slf4j-1.7.25.jar;F:\apache-maven-3.1.1-bin\repository\javax\annotation\javax.annotation-api\1.3.2\javax.annotation-api-1.3.2.jar;F:\apache-maven-3.1.1-bin\repository\org\yaml\snakeyaml\1.23\snakeyaml-1.23.jar;F:\apache-maven-3.1.1-bin\repository\org\springframework\boot\spring-boot-starter-json\2.1.0.RELEASE\spring-boot-starter-json-2.1.0.RELEASE.jar;F:\apache-maven-3.1.1-bin\repository\com\fasterxml\jackson\core\jackson-databind\2.9.7\jackson-databind-2.9.7.jar;F:\apache-maven-3.1.1-bin\repository\com\fasterxml\jackson\core\jackson-annotations\2.9.0\jackson-annotations-2.9.0.jar;F:\apache-maven-3.1.1-bin\repository\com\fasterxml\jackson\core\jackson-core\2.9.7\jackson-core-2.9.7.jar;F:\apache-maven-3.1.1-bin\repository\com\fasterxml\jackson\datatype\jackson-datatype-jdk8\2.9.7\jackson-datatype-jdk8-2.9.7.jar;F:\apache-maven-3.1.1-bin\repository\com\fasterxml\jackson\datatype\jackson-datatype-jsr310\2.9.7\jackson-datatype-jsr310-2.9.7.jar;F:\apache-maven-3.1.1-bin\repository\com\fasterxml\jackson\module\jackson-module-parameter-names\2.9.7\jackson-module-parameter-names-2.9.7.jar;F:\apache-maven-3.1.1-bin\repository\org\springframework\boot\spring-boot-starter-tomcat\2.1.0.RELEASE\spring-boot-starter-tomcat-2.1.0.RELEASE.jar;F:\apache-maven-3.1.1-bin\repository\org\apache\tomcat\embed\tomcat-embed-core\9.0.12\tomcat-embed-core-9.0.12.jar;F:\apache-maven-3.1.1-bin\repository\org\apache\tomcat\embed\tomcat-embed-el\9.0.12\tomcat-embed-el-9.0.12.jar;F:\apache-maven-3.1.1-bin\repository\org\apache\tomcat\embed\tomcat-embed-websocket\9.0.12\tomcat-embed-websocket-9.0.12.jar;F:\apache-maven-3.1.1-bin\repository\org\hibernate\validator\hibernate-validator\6.0.13.Final\hibernate-validator-6.0.13.Final.jar;F:\apache-maven-3.1.1-bin\repository\javax\validation\validation-api\2.0.1.Final\validation-api-2.0.1.Final.jar;F:\apache-maven-3.1.1-bin\repository\org\jboss\logging\jboss-logging\3.3.2.Final\jboss-logging-3.3.2.Final.jar;F:\apache-maven-3.1.1-bin\repository\com\fasterxml\classmate\1.4.0\classmate-1.4.0.jar;F:\apache-maven-3.1.1-bin\repository\org\springframework\spring-web\5.1.2.RELEASE\spring-web-5.1.2.RELEASE.jar;F:\apache-maven-3.1.1-bin\repository\org\springframework\spring-beans\5.1.2.RELEASE\spring-beans-5.1.2.RELEASE.jar;F:\apache-maven-3.1.1-bin\repository\org\springframework\spring-webmvc\5.1.2.RELEASE\spring-webmvc-5.1.2.RELEASE.jar;F:\apache-maven-3.1.1-bin\repository\org\springframework\spring-aop\5.1.2.RELEASE\spring-aop-5.1.2.RELEASE.jar;F:\apache-maven-3.1.1-bin\repository\org\springframework\spring-context\5.1.2.RELEASE\spring-context-5.1.2.RELEASE.jar;F:\apache-maven-3.1.1-bin\repository\org\springframework\spring-expression\5.1.2.RELEASE\spring-expression-5.1.2.RELEASE.jar;F:\apache-maven-3.1.1-bin\repository\org\springframework\boot\spring-boot-starter-test\2.1.0.RELEASE\spring-boot-starter-test-2.1.0.RELEASE.jar;F:\apache-maven-3.1.1-bin\repository\org\springframework\boot\spring-boot-test\2.1.0.RELEASE\spring-boot-test-2.1.0.RELEASE.jar;F:\apache-maven-3.1.1-bin\repository\org\springframework\boot\spring-boot-test-autoconfigure\2.1.0.RELEASE\spring-boot-test-autoconfigure-2.1.0.RELEASE.jar;F:\apache-maven-3.1.1-bin\repository\com\jayway\jsonpath\json-path\2.4.0\json-path-2.4.0.jar;F:\apache-maven-3.1.1-bin\repository\net\minidev\json-smart\2.3\json-smart-2.3.jar;F:\apache-maven-3.1.1-bin\repository\net\minidev\accessors-smart\1.2\accessors-smart-1.2.jar;F:\apache-maven-3.1.1-bin\repository\org\ow2\asm\asm\5.0.4\asm-5.0.4.jar;F:\apache-maven-3.1.1-bin\repository\junit\junit\4.12\junit-4.12.jar;F:\apache-maven-3.1.1-bin\repository\org\assertj\assertj-core\3.11.1\assertj-core-3.11.1.jar;F:\apache-maven-3.1.1-bin\repository\org\mockito\mockito-core\2.23.0\mockito-core-2.23.0.jar;F:\apache-maven-3.1.1-bin\repository\net\bytebuddy\byte-buddy\1.9.3\byte-buddy-1.9.3.jar;F:\apache-maven-3.1.1-bin\repository\net\bytebuddy\byte-buddy-agent\1.9.3\byte-buddy-agent-1.9.3.jar;F:\apache-maven-3.1.1-bin\repository\org\objenesis\objenesis\2.6\objenesis-2.6.jar;F:\apache-maven-3.1.1-bin\repository\org\hamcrest\hamcrest-core\1.3\hamcrest-core-1.3.jar;F:\apache-maven-3.1.1-bin\repository\org\hamcrest\hamcrest-library\1.3\hamcrest-library-1.3.jar;F:\apache-maven-3.1.1-bin\repository\org\skyscreamer\jsonassert\1.5.0\jsonassert-1.5.0.jar;F:\apache-maven-3.1.1-bin\repository\com\vaadin\external\google\android-json\0.0.20131108.vaadin1\android-json-0.0.20131108.vaadin1.jar;F:\apache-maven-3.1.1-bin\repository\org\springframework\spring-core\5.1.2.RELEASE\spring-core-5.1.2.RELEASE.jar;F:\apache-maven-3.1.1-bin\repository\org\springframework\spring-jcl\5.1.2.RELEASE\spring-jcl-5.1.2.RELEASE.jar;F:\apache-maven-3.1.1-bin\repository\org\springframework\spring-test\5.1.2.RELEASE\spring-test-5.1.2.RELEASE.jar;F:\apache-maven-3.1.1-bin\repository\org\xmlunit\xmlunit-core\2.6.2\xmlunit-core-2.6.2.jar;F:\apache-maven-3.1.1-bin\repository\com\squareup\okhttp3\okhttp\3.13.0\okhttp-3.13.0.jar;F:\apache-maven-3.1.1-bin\repository\com\squareup\okio\okio\1.17.2\okio-1.17.2.jar;F:\apache-maven-3.1.1-bin\repository\com\alibaba\fastjson\1.2.53\fastjson-1.2.53.jar;F:\apache-maven-3.1.1-bin\repository\org\springframework\boot\spring-boot-starter-jdbc\2.1.0.RELEASE\spring-boot-starter-jdbc-2.1.0.RELEASE.jar;F:\apache-maven-3.1.1-bin\repository\com\zaxxer\HikariCP\3.2.0\HikariCP-3.2.0.jar;F:\apache-maven-3.1.1-bin\repository\org\springframework\spring-jdbc\5.1.2.RELEASE\spring-jdbc-5.1.2.RELEASE.jar;F:\apache-maven-3.1.1-bin\repository\org\springframework\spring-tx\5.1.2.RELEASE\spring-tx-5.1.2.RELEASE.jar;F:\apache-maven-3.1.1-bin\repository\com\alibaba\druid-spring-boot-starter\1.1.10\druid-spring-boot-starter-1.1.10.jar;F:\apache-maven-3.1.1-bin\repository\com\alibaba\druid\1.1.10\druid-1.1.10.jar;F:\apache-maven-3.1.1-bin\repository\org\slf4j\slf4j-api\1.7.25\slf4j-api-1.7.25.jar;F:\apache-maven-3.1.1-bin\repository\org\springframework\boot\spring-boot-autoconfigure\2.1.0.RELEASE\spring-boot-autoconfigure-2.1.0.RELEASE.jar;F:\apache-maven-3.1.1-bin\repository\mysql\mysql-connector-java\8.0.13\mysql-connector-java-8.0.13.jar;F:\apache-maven-3.1.1-bin\repository\tk\mybatis\mapper-spring-boot-starter\1.1.0\mapper-spring-boot-starter-1.1.0.jar;F:\apache-maven-3.1.1-bin\repository\org\mybatis\spring\boot\mybatis-spring-boot-starter\1.1.1\mybatis-spring-boot-starter-1.1.1.jar;F:\apache-maven-3.1.1-bin\repository\org\mybatis\spring\boot\mybatis-spring-boot-autoconfigure\1.1.1\mybatis-spring-boot-autoconfigure-1.1.1.jar;F:\apache-maven-3.1.1-bin\repository\org\mybatis\mybatis\3.4.0\mybatis-3.4.0.jar;F:\apache-maven-3.1.1-bin\repository\org\mybatis\mybatis-spring\1.3.0\mybatis-spring-1.3.0.jar;F:\apache-maven-3.1.1-bin\repository\tk\mybatis\mapper-spring-boot-autoconfigure\1.0.0\mapper-spring-boot-autoconfigure-1.0.0.jar;F:\apache-maven-3.1.1-bin\repository\tk\mybatis\mapper\3.3.9\mapper-3.3.9.jar;F:\apache-maven-3.1.1-bin\repository\javax\persistence\persistence-api\1.0\persistence-api-1.0.jar;F:\apache-maven-3.1.1-bin\repository\com\github\pagehelper\pagehelper-spring-boot-starter\1.2.3\pagehelper-spring-boot-starter-1.2.3.jar;F:\apache-maven-3.1.1-bin\repository\com\github\pagehelper\pagehelper-spring-boot-autoconfigure\1.2.3\pagehelper-spring-boot-autoconfigure-1.2.3.jar;F:\apache-maven-3.1.1-bin\repository\com\github\pagehelper\pagehelper\5.1.2\pagehelper-5.1.2.jar;F:\apache-maven-3.1.1-bin\repository\com\github\jsqlparser\jsqlparser\1.0\jsqlparser-1.0.jar;F:\apache-maven-3.1.1-bin\repository\org\projectlombok\lombok\1.18.2\lombok-1.18.2.jar;F:\apache-maven-3.1.1-bin\repository\org\apache\commons\commons-lang3\3.8.1\commons-lang3-3.8.1.jar;F:\apache-maven-3.1.1-bin\repository\org\apache\commons\commons-collections4\4.1\commons-collections4-4.1.jar;F:\apache-maven-3.1.1-bin\repository\commons-fileupload\commons-fileupload\1.3.2\commons-fileupload-1.3.2.jar;F:\apache-maven-3.1.1-bin\repository\commons-io\commons-io\2.2\commons-io-2.2.jar;F:\apache-maven-3.1.1-bin\repository\org\springframework\boot\spring-boot-starter-thymeleaf\2.1.0.RELEASE\spring-boot-starter-thymeleaf-2.1.0.RELEASE.jar;F:\apache-maven-3.1.1-bin\repository\org\thymeleaf\thymeleaf-spring5\3.0.11.RELEASE\thymeleaf-spring5-3.0.11.RELEASE.jar;F:\apache-maven-3.1.1-bin\repository\org\thymeleaf\thymeleaf\3.0.11.RELEASE\thymeleaf-3.0.11.RELEASE.jar;F:\apache-maven-3.1.1-bin\repository\org\attoparser\attoparser\2.0.5.RELEASE\attoparser-2.0.5.RELEASE.jar;F:\apache-maven-3.1.1-bin\repository\org\unbescape\unbescape\1.1.6.RELEASE\unbescape-1.1.6.RELEASE.jar;F:\apache-maven-3.1.1-bin\repository\org\thymeleaf\extras\thymeleaf-extras-java8time\3.0.1.RELEASE\thymeleaf-extras-java8time-3.0.1.RELEASE.jar;"/>
    <property name="java.vm.vendor" value="Oracle Corporation"/>
    <property name="sun.arch.data.model" value="64"/>
    <property name="user.variant" value=""/>
    <property name="java.vendor.url" value="http://java.oracle.com/"/>
    <property name="user.timezone" value="Asia/Shanghai"/>
    <property name="java.vm.specification.version" value="1.8"/>
    <property name="os.name" value="Windows 10"/>
    <property name="user.country" value="CN"/>
    <property name="sun.java.launcher" value="SUN_STANDARD"/>
    <property name="sun.boot.library.path" value="C:\Java\jre8\bin"/>
    <property name="sun.java.command" value="C:\Users\555\AppData\Local\Temp\surefire9047540380497791703\surefirebooter6282083380173529506.jar C:\Users\555\AppData\Local\Temp\surefire9047540380497791703 2019-03-27T18-19-29_685-jvmRun1 surefire3493846561788714088tmp surefire_073614518228487314tmp"/>
    <property name="surefire.test.class.path" value="G:\23\2345\c-course\target\test-classes;G:\23\2345\c-course\target\classes;F:\apache-maven-3.1.1-bin\repository\org\springframework\boot\spring-boot-starter-web\2.1.0.RELEASE\spring-boot-starter-web-2.1.0.RELEASE.jar;F:\apache-maven-3.1.1-bin\repository\org\springframework\boot\spring-boot-starter\2.1.0.RELEASE\spring-boot-starter-2.1.0.RELEASE.jar;F:\apache-maven-3.1.1-bin\repository\org\springframework\boot\spring-boot\2.1.0.RELEASE\spring-boot-2.1.0.RELEASE.jar;F:\apache-maven-3.1.1-bin\repository\org\springframework\boot\spring-boot-starter-logging\2.1.0.RELEASE\spring-boot-starter-logging-2.1.0.RELEASE.jar;F:\apache-maven-3.1.1-bin\repository\ch\qos\logback\logback-classic\1.2.3\logback-classic-1.2.3.jar;F:\apache-maven-3.1.1-bin\repository\ch\qos\logback\logback-core\1.2.3\logback-core-1.2.3.jar;F:\apache-maven-3.1.1-bin\repository\org\apache\logging\log4j\log4j-to-slf4j\2.11.1\log4j-to-slf4j-2.11.1.jar;F:\apache-maven-3.1.1-bin\repository\org\apache\logging\log4j\log4j-api\2.11.1\log4j-api-2.11.1.jar;F:\apache-maven-3.1.1-bin\repository\org\slf4j\jul-to-slf4j\1.7.25\jul-to-slf4j-1.7.25.jar;F:\apache-maven-3.1.1-bin\repository\javax\annotation\javax.annotation-api\1.3.2\javax.annotation-api-1.3.2.jar;F:\apache-maven-3.1.1-bin\repository\org\yaml\snakeyaml\1.23\snakeyaml-1.23.jar;F:\apache-maven-3.1.1-bin\repository\org\springframework\boot\spring-boot-starter-json\2.1.0.RELEASE\spring-boot-starter-json-2.1.0.RELEASE.jar;F:\apache-maven-3.1.1-bin\repository\com\fasterxml\jackson\core\jackson-databind\2.9.7\jackson-databind-2.9.7.jar;F:\apache-maven-3.1.1-bin\repository\com\fasterxml\jackson\core\jackson-annotations\2.9.0\jackson-annotations-2.9.0.jar;F:\apache-maven-3.1.1-bin\repository\com\fasterxml\jackson\core\jackson-core\2.9.7\jackson-core-2.9.7.jar;F:\apache-maven-3.1.1-bin\repository\com\fasterxml\jackson\datatype\jackson-datatype-jdk8\2.9.7\jackson-datatype-jdk8-2.9.7.jar;F:\apache-maven-3.1.1-bin\repository\com\fasterxml\jackson\datatype\jackson-datatype-jsr310\2.9.7\jackson-datatype-jsr310-2.9.7.jar;F:\apache-maven-3.1.1-bin\repository\com\fasterxml\jackson\module\jackson-module-parameter-names\2.9.7\jackson-module-parameter-names-2.9.7.jar;F:\apache-maven-3.1.1-bin\repository\org\springframework\boot\spring-boot-starter-tomcat\2.1.0.RELEASE\spring-boot-starter-tomcat-2.1.0.RELEASE.jar;F:\apache-maven-3.1.1-bin\repository\org\apache\tomcat\embed\tomcat-embed-core\9.0.12\tomcat-embed-core-9.0.12.jar;F:\apache-maven-3.1.1-bin\repository\org\apache\tomcat\embed\tomcat-embed-el\9.0.12\tomcat-embed-el-9.0.12.jar;F:\apache-maven-3.1.1-bin\repository\org\apache\tomcat\embed\tomcat-embed-websocket\9.0.12\tomcat-embed-websocket-9.0.12.jar;F:\apache-maven-3.1.1-bin\repository\org\hibernate\validator\hibernate-validator\6.0.13.Final\hibernate-validator-6.0.13.Final.jar;F:\apache-maven-3.1.1-bin\repository\javax\validation\validation-api\2.0.1.Final\validation-api-2.0.1.Final.jar;F:\apache-maven-3.1.1-bin\repository\org\jboss\logging\jboss-logging\3.3.2.Final\jboss-logging-3.3.2.Final.jar;F:\apache-maven-3.1.1-bin\repository\com\fasterxml\classmate\1.4.0\classmate-1.4.0.jar;F:\apache-maven-3.1.1-bin\repository\org\springframework\spring-web\5.1.2.RELEASE\spring-web-5.1.2.RELEASE.jar;F:\apache-maven-3.1.1-bin\repository\org\springframework\spring-beans\5.1.2.RELEASE\spring-beans-5.1.2.RELEASE.jar;F:\apache-maven-3.1.1-bin\repository\org\springframework\spring-webmvc\5.1.2.RELEASE\spring-webmvc-5.1.2.RELEASE.jar;F:\apache-maven-3.1.1-bin\repository\org\springframework\spring-aop\5.1.2.RELEASE\spring-aop-5.1.2.RELEASE.jar;F:\apache-maven-3.1.1-bin\repository\org\springframework\spring-context\5.1.2.RELEASE\spring-context-5.1.2.RELEASE.jar;F:\apache-maven-3.1.1-bin\repository\org\springframework\spring-expression\5.1.2.RELEASE\spring-expression-5.1.2.RELEASE.jar;F:\apache-maven-3.1.1-bin\repository\org\springframework\boot\spring-boot-starter-test\2.1.0.RELEASE\spring-boot-starter-test-2.1.0.RELEASE.jar;F:\apache-maven-3.1.1-bin\repository\org\springframework\boot\spring-boot-test\2.1.0.RELEASE\spring-boot-test-2.1.0.RELEASE.jar;F:\apache-maven-3.1.1-bin\repository\org\springframework\boot\spring-boot-test-autoconfigure\2.1.0.RELEASE\spring-boot-test-autoconfigure-2.1.0.RELEASE.jar;F:\apache-maven-3.1.1-bin\repository\com\jayway\jsonpath\json-path\2.4.0\json-path-2.4.0.jar;F:\apache-maven-3.1.1-bin\repository\net\minidev\json-smart\2.3\json-smart-2.3.jar;F:\apache-maven-3.1.1-bin\repository\net\minidev\accessors-smart\1.2\accessors-smart-1.2.jar;F:\apache-maven-3.1.1-bin\repository\org\ow2\asm\asm\5.0.4\asm-5.0.4.jar;F:\apache-maven-3.1.1-bin\repository\junit\junit\4.12\junit-4.12.jar;F:\apache-maven-3.1.1-bin\repository\org\assertj\assertj-core\3.11.1\assertj-core-3.11.1.jar;F:\apache-maven-3.1.1-bin\repository\org\mockito\mockito-core\2.23.0\mockito-core-2.23.0.jar;F:\apache-maven-3.1.1-bin\repository\net\bytebuddy\byte-buddy\1.9.3\byte-buddy-1.9.3.jar;F:\apache-maven-3.1.1-bin\repository\net\bytebuddy\byte-buddy-agent\1.9.3\byte-buddy-agent-1.9.3.jar;F:\apache-maven-3.1.1-bin\repository\org\objenesis\objenesis\2.6\objenesis-2.6.jar;F:\apache-maven-3.1.1-bin\repository\org\hamcrest\hamcrest-core\1.3\hamcrest-core-1.3.jar;F:\apache-maven-3.1.1-bin\repository\org\hamcrest\hamcrest-library\1.3\hamcrest-library-1.3.jar;F:\apache-maven-3.1.1-bin\repository\org\skyscreamer\jsonassert\1.5.0\jsonassert-1.5.0.jar;F:\apache-maven-3.1.1-bin\repository\com\vaadin\external\google\android-json\0.0.20131108.vaadin1\android-json-0.0.20131108.vaadin1.jar;F:\apache-maven-3.1.1-bin\repository\org\springframework\spring-core\5.1.2.RELEASE\spring-core-5.1.2.RELEASE.jar;F:\apache-maven-3.1.1-bin\repository\org\springframework\spring-jcl\5.1.2.RELEASE\spring-jcl-5.1.2.RELEASE.jar;F:\apache-maven-3.1.1-bin\repository\org\springframework\spring-test\5.1.2.RELEASE\spring-test-5.1.2.RELEASE.jar;F:\apache-maven-3.1.1-bin\repository\org\xmlunit\xmlunit-core\2.6.2\xmlunit-core-2.6.2.jar;F:\apache-maven-3.1.1-bin\repository\com\squareup\okhttp3\okhttp\3.13.0\okhttp-3.13.0.jar;F:\apache-maven-3.1.1-bin\repository\com\squareup\okio\okio\1.17.2\okio-1.17.2.jar;F:\apache-maven-3.1.1-bin\repository\com\alibaba\fastjson\1.2.53\fastjson-1.2.53.jar;F:\apache-maven-3.1.1-bin\repository\org\springframework\boot\spring-boot-starter-jdbc\2.1.0.RELEASE\spring-boot-starter-jdbc-2.1.0.RELEASE.jar;F:\apache-maven-3.1.1-bin\repository\com\zaxxer\HikariCP\3.2.0\HikariCP-3.2.0.jar;F:\apache-maven-3.1.1-bin\repository\org\springframework\spring-jdbc\5.1.2.RELEASE\spring-jdbc-5.1.2.RELEASE.jar;F:\apache-maven-3.1.1-bin\repository\org\springframework\spring-tx\5.1.2.RELEASE\spring-tx-5.1.2.RELEASE.jar;F:\apache-maven-3.1.1-bin\repository\com\alibaba\druid-spring-boot-starter\1.1.10\druid-spring-boot-starter-1.1.10.jar;F:\apache-maven-3.1.1-bin\repository\com\alibaba\druid\1.1.10\druid-1.1.10.jar;F:\apache-maven-3.1.1-bin\repository\org\slf4j\slf4j-api\1.7.25\slf4j-api-1.7.25.jar;F:\apache-maven-3.1.1-bin\repository\org\springframework\boot\spring-boot-autoconfigure\2.1.0.RELEASE\spring-boot-autoconfigure-2.1.0.RELEASE.jar;F:\apache-maven-3.1.1-bin\repository\mysql\mysql-connector-java\8.0.13\mysql-connector-java-8.0.13.jar;F:\apache-maven-3.1.1-bin\repository\tk\mybatis\mapper-spring-boot-starter\1.1.0\mapper-spring-boot-starter-1.1.0.jar;F:\apache-maven-3.1.1-bin\repository\org\mybatis\spring\boot\mybatis-spring-boot-starter\1.1.1\mybatis-spring-boot-starter-1.1.1.jar;F:\apache-maven-3.1.1-bin\repository\org\mybatis\spring\boot\mybatis-spring-boot-autoconfigure\1.1.1\mybatis-spring-boot-autoconfigure-1.1.1.jar;F:\apache-maven-3.1.1-bin\repository\org\mybatis\mybatis\3.4.0\mybatis-3.4.0.jar;F:\apache-maven-3.1.1-bin\repository\org\mybatis\mybatis-spring\1.3.0\mybatis-spring-1.3.0.jar;F:\apache-maven-3.1.1-bin\repository\tk\mybatis\mapper-spring-boot-autoconfigure\1.0.0\mapper-spring-boot-autoconfigure-1.0.0.jar;F:\apache-maven-3.1.1-bin\repository\tk\mybatis\mapper\3.3.9\mapper-3.3.9.jar;F:\apache-maven-3.1.1-bin\repository\javax\persistence\persistence-api\1.0\persistence-api-1.0.jar;F:\apache-maven-3.1.1-bin\repository\com\github\pagehelper\pagehelper-spring-boot-starter\1.2.3\pagehelper-spring-boot-starter-1.2.3.jar;F:\apache-maven-3.1.1-bin\repository\com\github\pagehelper\pagehelper-spring-boot-autoconfigure\1.2.3\pagehelper-spring-boot-autoconfigure-1.2.3.jar;F:\apache-maven-3.1.1-bin\repository\com\github\pagehelper\pagehelper\5.1.2\pagehelper-5.1.2.jar;F:\apache-maven-3.1.1-bin\repository\com\github\jsqlparser\jsqlparser\1.0\jsqlparser-1.0.jar;F:\apache-maven-3.1.1-bin\repository\org\projectlombok\lombok\1.18.2\lombok-1.18.2.jar;F:\apache-maven-3.1.1-bin\repository\org\apache\commons\commons-lang3\3.8.1\commons-lang3-3.8.1.jar;F:\apache-maven-3.1.1-bin\repository\org\apache\commons\commons-collections4\4.1\commons-collections4-4.1.jar;F:\apache-maven-3.1.1-bin\repository\commons-fileupload\commons-fileupload\1.3.2\commons-fileupload-1.3.2.jar;F:\apache-maven-3.1.1-bin\repository\commons-io\commons-io\2.2\commons-io-2.2.jar;F:\apache-maven-3.1.1-bin\repository\org\springframework\boot\spring-boot-starter-thymeleaf\2.1.0.RELEASE\spring-boot-starter-thymeleaf-2.1.0.RELEASE.jar;F:\apache-maven-3.1.1-bin\repository\org\thymeleaf\thymeleaf-spring5\3.0.11.RELEASE\thymeleaf-spring5-3.0.11.RELEASE.jar;F:\apache-maven-3.1.1-bin\repository\org\thymeleaf\thymeleaf\3.0.11.RELEASE\thymeleaf-3.0.11.RELEASE.jar;F:\apache-maven-3.1.1-bin\repository\org\attoparser\attoparser\2.0.5.RELEASE\attoparser-2.0.5.RELEASE.jar;F:\apache-maven-3.1.1-bin\repository\org\unbescape\unbescape\1.1.6.RELEASE\unbescape-1.1.6.RELEASE.jar;F:\apache-maven-3.1.1-bin\repository\org\thymeleaf\extras\thymeleaf-extras-java8time\3.0.1.RELEASE\thymeleaf-extras-java8time-3.0.1.RELEASE.jar;"/>
    <property name="sun.cpu.endian" value="little"/>
    <property name="user.home" value="C:\Users\555"/>
    <property name="user.language" value="zh"/>
    <property name="java.specification.vendor" value="Oracle Corporation"/>
    <property name="java.home" value="C:\Java\jre8"/>
    <property name="basedir" value="G:\23\2345\c-course"/>
    <property name="file.separator" value="\"/>
    <property name="line.separator" value="&#10;"/>
    <property name="java.vm.specification.vendor" value="Oracle Corporation"/>
    <property name="java.specification.name" value="Java Platform API Specification"/>
    <property name="java.awt.graphicsenv" value="sun.awt.Win32GraphicsEnvironment"/>
    <property name="surefire.real.class.path" value="C:\Users\555\AppData\Local\Temp\surefire9047540380497791703\surefirebooter6282083380173529506.jar"/>
    <property name="sun.boot.class.path" value="C:\Java\jre8\lib\resources.jar;C:\Java\jre8\lib\rt.jar;C:\Java\jre8\lib\sunrsasign.jar;C:\Java\jre8\lib\jsse.jar;C:\Java\jre8\lib\jce.jar;C:\Java\jre8\lib\charsets.jar;C:\Java\jre8\lib\jfr.jar;C:\Java\jre8\classes"/>
    <property name="user.script" value=""/>
    <property name="sun.management.compiler" value="HotSpot 64-Bit Tiered Compilers"/>
    <property name="java.runtime.version" value="1.8.0_161-b12"/>
    <property name="user.name" value="555"/>
    <property name="path.separator" value=";"/>
    <property name="os.version" value="10.0"/>
    <property name="java.endorsed.dirs" value="C:\Java\jre8\lib\endorsed"/>
    <property name="java.runtime.name" value="Java(TM) SE Runtime Environment"/>
    <property name="file.encoding" value="GBK"/>
    <property name="java.vm.name" value="Java HotSpot(TM) 64-Bit Server VM"/>
    <property name="localRepository" value="F:\apache-maven-3.1.1-bin\repository"/>
    <property name="java.vendor.url.bug" value="http://bugreport.sun.com/bugreport/"/>
    <property name="java.io.tmpdir" value="C:\Users\555\AppData\Local\Temp\"/>
    <property name="java.version" value="1.8.0_161"/>
    <property name="user.dir" value="G:\23\2345\c-course"/>
    <property name="os.arch" value="amd64"/>
    <property name="java.vm.specification.name" value="Java Virtual Machine Specification"/>
    <property name="java.awt.printerjob" value="sun.awt.windows.WPrinterJob"/>
    <property name="sun.os.patch.level" value=""/>
    <property name="java.library.path" value="C:\Java\jre8\bin;C:\WINDOWS\Sun\Java\bin;C:\WINDOWS\system32;C:\WINDOWS;C:/Java/jre8/bin/server;C:/Java/jre8/bin;C:/Java/jre8/lib/amd64;C:\ProgramData\Oracle\Java\javapath;G:\app\555\product\11.2.0\client_1\bin;C:\WINDOWS\system32;C:\WINDOWS;C:\WINDOWS\System32\Wbem;C:\WINDOWS\System32\WindowsPowerShell\v1.0\;C:\Program Files\TortoiseSVN\bin;C:\Java\jdk1.7.0_67\bin;C:\Java\jdk1.7.0_67\jre\bin;F:\apache-maven-3.1.1-bin\apache-maven-3.1.1\bin;F:\Program Files\nodejs\node_global;C:\OpenSSL-Win64;C:\WINDOWS\System32\OpenSSH\;e:\Program Files\Git\cmd;F:\anzhuang\nodejs\;E:\Program Files\erl10.1\bin;E:\Program Files\RabbitMQ Server\rabbitmq_server-3.7.8\sbin;C:\Users\555\AppData\Local\Microsoft\WindowsApps;c:\Program Files (x86)\SSH Communications Security\SSH Secure Shell;C:\Users\555\AppData\Local\Microsoft\WindowsApps;F:\anzhuang\nodejs\node_global;e:\Users\555\AppData\Local\Programs\Microsoft VS Code\bin;F:\eclipse-jee-mars-1-win32-x86_64(1)\eclipse;;."/>
    <property name="java.vm.info" value="mixed mode"/>
    <property name="java.vendor" value="Oracle Corporation"/>
    <property name="java.vm.version" value="25.161-b12"/>
    <property name="java.ext.dirs" value="C:\Java\jre8\lib\ext;C:\WINDOWS\Sun\Java\lib\ext"/>
    <property name="sun.io.unicode.encoding" value="UnicodeLittle"/>
    <property name="java.class.version" value="52.0"/>
  </properties>
  <testcase name="initializationError" classname="com.example.test.CourseApplicationTests" time="0.003">
    <error message="Unable to find a @SpringBootConfiguration, you need to use @ContextConfiguration or @SpringBootTest(classes=...) with your test" type="java.lang.IllegalStateException">java.lang.IllegalStateException: Unable to find a @SpringBootConfiguration, you need to use @ContextConfiguration or @SpringBootTest(classes=...) with your test
</error>
    <system-out><![CDATA[18:19:30.524 [main] DEBUG org.springframework.test.context.junit4.SpringJUnit4ClassRunner - SpringJUnit4ClassRunner constructor called with [class com.example.test.CourseApplicationTests]
18:19:30.529 [main] DEBUG org.springframework.test.context.BootstrapUtils - Instantiating CacheAwareContextLoaderDelegate from class [org.springframework.test.context.cache.DefaultCacheAwareContextLoaderDelegate]
18:19:30.535 [main] DEBUG org.springframework.test.context.BootstrapUtils - Instantiating BootstrapContext using constructor [public org.springframework.test.context.support.DefaultBootstrapContext(java.lang.Class,org.springframework.test.context.CacheAwareContextLoaderDelegate)]
18:19:30.551 [main] DEBUG org.springframework.test.context.BootstrapUtils - Instantiating TestContextBootstrapper for test class [com.example.test.CourseApplicationTests] from class [org.springframework.boot.test.context.SpringBootTestContextBootstrapper]
18:19:30.560 [main] INFO org.springframework.boot.test.context.SpringBootTestContextBootstrapper - Neither @ContextConfiguration nor @ContextHierarchy found for test class [com.example.test.CourseApplicationTests], using SpringBootContextLoader
18:19:30.563 [main] DEBUG org.springframework.test.context.support.AbstractContextLoader - Did not detect default resource location for test class [com.example.test.CourseApplicationTests]: class path resource [com/example/test/CourseApplicationTests-context.xml] does not exist
18:19:30.563 [main] DEBUG org.springframework.test.context.support.AbstractContextLoader - Did not detect default resource location for test class [com.example.test.CourseApplicationTests]: class path resource [com/example/test/CourseApplicationTestsContext.groovy] does not exist
18:19:30.563 [main] INFO org.springframework.test.context.support.AbstractContextLoader - Could not detect default resource locations for test class [com.example.test.CourseApplicationTests]: no resource found for suffixes {-context.xml, Context.groovy}.
18:19:30.564 [main] INFO org.springframework.test.context.support.AnnotationConfigContextLoaderUtils - Could not detect default configuration classes for test class [com.example.test.CourseApplicationTests]: CourseApplicationTests does not declare any static, non-private, non-final, nested classes annotated with @Configuration.
18:19:30.592 [main] DEBUG org.springframework.test.context.support.ActiveProfilesUtils - Could not find an 'annotation declaring class' for annotation type [org.springframework.test.context.ActiveProfiles] and class [com.example.test.CourseApplicationTests]
]]></system-out>
  </testcase>
</testsuite>